[2025-11-09--03-43-48 INFO actix_server::builder] starting 5 workers
[2025-11-09--03-43-48 INFO actix_server::server] Tokio runtime found; starting in existing Tokio runtime
[2025-11-09--03-43-48 INFO actix_server::server] starting service: "actix-web-service-127.0.0.1:18488", workers: 5, listening on: 127.0.0.1:18488
[2025-11-09--03-43-49 INFO parity_ws] Listening for new connections on 127.0.0.1:8900.
[2025-11-09--03-43-52 INFO txtx::svm::deploy_program] [Recovery Instructions] - An ephemeral authority account will be created and funded to write to the buffer account.
[2025-11-09--03-43-52 INFO txtx::svm::deploy_program] [Recovery Instructions] - Please save the following information in case the deployment fails and the account needs to be recovered:
[2025-11-09--03-43-52 INFO txtx::svm::deploy_program] [Recovery Instructions] - Ephemeral authority public key: 7c5nTrwnc6pELSqVhuLD8HtE9MkeWNceD8qgrFaNR1Ti
[2025-11-09--03-43-52 INFO txtx::svm::deploy_program] [Recovery Instructions] - Ephemeral authority secret key: [169, 4, 88, 96, 141, 27, 63, 206, 192, 241, 241, 198, 8, 172, 250, 133, 184, 70, 236, 20, 84, 229, 194, 227, 86, 156, 78, 111, 212, 54, 131, 106, 98, 34, 219, 230, 175, 88, 11, 209, 33, 10, 209, 231, 27, 177, 80, 196, 39, 58, 89, 234, 176, 28, 192, 228, 180, 162, 248, 47, 77, 160, 2, 189]
[2025-11-09--03-43-53 INFO txtx::svm::deploy_program] Account Created - Ephemeral authority account created and funded to write to buffer
[2025-11-09--03-43-53 INFO txtx::svm::deploy_program] [Recovery Instructions] - Creating program buffer account at pubkey 9b4Q214YwBxYm5cf8CrkTKR7N5Er983xpAW7uXcfjGSU
[2025-11-09--03-43-53 INFO txtx::svm::deploy_program] Account Created - Program buffer account created
[2025-11-09--03-44-02 INFO txtx::svm::deploy_program] Buffer Ready - Writing to buffer account is complete
[2025-11-09--03-44-02 INFO txtx::svm::deploy_program] Program Created - Program HjEFHo24qf3iiP2n8DEVJyKBkoBG5AUvxDPVzRiyPL5T has been deployed
[2025-11-09--03-44-03 INFO txtx::svm::deploy_program] Complete - Ephemeral authority account closed and leftover funds returned to payer
[2025-11-09--03-57-25 INFO parity_ws::io] Accepted a new tcp connection from 127.0.0.1:54736.
[2025-11-09--03-57-45 INFO actix_server::accept] accept thread stopped
[2025-11-09--03-57-45 INFO actix_server::worker] shutting down idle worker
[2025-11-09--03-57-45 INFO actix_server::worker] shutting down idle worker
[2025-11-09--03-57-45 INFO actix_server::worker] shutting down idle worker
[2025-11-09--03-57-45 INFO actix_server::worker] shutting down idle worker
[2025-11-09--03-57-45 INFO actix_server::worker] shutting down idle worker
