[2025-11-08--17-34-04 INFO actix_server::builder] starting 5 workers
[2025-11-08--17-34-04 INFO actix_server::server] Tokio runtime found; starting in existing Tokio runtime
[2025-11-08--17-34-04 INFO actix_server::server] starting service: "actix-web-service-127.0.0.1:18488", workers: 5, listening on: 127.0.0.1:18488
[2025-11-08--17-34-05 INFO parity_ws] Listening for new connections on 127.0.0.1:8900.
[2025-11-08--17-34-07 INFO txtx::svm::deploy_program] [Recovery Instructions] - An ephemeral authority account will be created and funded to write to the buffer account.
[2025-11-08--17-34-07 INFO txtx::svm::deploy_program] [Recovery Instructions] - Please save the following information in case the deployment fails and the account needs to be recovered:
[2025-11-08--17-34-07 INFO txtx::svm::deploy_program] [Recovery Instructions] - Ephemeral authority public key: HBtWLvf2qxjaYAvNtqXLvqwXa42qPSYSxspDm12cDqHk
[2025-11-08--17-34-07 INFO txtx::svm::deploy_program] [Recovery Instructions] - Ephemeral authority secret key: [26, 32, 62, 41, 224, 144, 191, 130, 196, 200, 194, 22, 101, 65, 206, 87, 11, 241, 140, 244, 68, 223, 4, 116, 6, 94, 145, 168, 203, 236, 250, 90, 240, 133, 9, 110, 176, 109, 69, 122, 155, 113, 87, 80, 41, 17, 140, 193, 231, 226, 33, 72, 219, 51, 146, 44, 133, 124, 93, 209, 140, 28, 35, 59]
[2025-11-08--17-34-07 INFO txtx::svm::deploy_program] Account Created - Ephemeral authority account created and funded to write to buffer
[2025-11-08--17-34-07 INFO txtx::svm::deploy_program] [Recovery Instructions] - Creating program buffer account at pubkey 2s1s9RAS3kv3quzCcPvvQvw4LxWkYuoGaDxMh6Pec6hS
[2025-11-08--17-34-08 INFO txtx::svm::deploy_program] Account Created - Program buffer account created
[2025-11-08--17-34-22 INFO txtx::svm::deploy_program] Buffer Ready - Writing to buffer account is complete
[2025-11-08--17-34-23 INFO txtx::svm::deploy_program] Program Created - Program HjEFHo24qf3iiP2n8DEVJyKBkoBG5AUvxDPVzRiyPL5T has been deployed
[2025-11-08--17-34-24 INFO txtx::svm::deploy_program] Complete - Ephemeral authority account closed and leftover funds returned to payer
[2025-11-08--17-34-44 INFO parity_ws::io] Accepted a new tcp connection from 127.0.0.1:47062.
[2025-11-08--17-34-59 INFO actix_server::accept] accept thread stopped
[2025-11-08--17-34-59 INFO actix_server::worker] shutting down idle worker
[2025-11-08--17-34-59 INFO actix_server::worker] shutting down idle worker
[2025-11-08--17-34-59 INFO actix_server::worker] shutting down idle worker
[2025-11-08--17-34-59 INFO actix_server::worker] shutting down idle worker
[2025-11-08--17-34-59 INFO actix_server::worker] shutting down idle worker
