[2025-11-08--22-04-18 INFO actix_server::builder] starting 5 workers
[2025-11-08--22-04-18 INFO actix_server::server] Tokio runtime found; starting in existing Tokio runtime
[2025-11-08--22-04-18 INFO actix_server::server] starting service: "actix-web-service-127.0.0.1:18488", workers: 5, listening on: 127.0.0.1:18488
[2025-11-08--22-04-19 INFO parity_ws] Listening for new connections on 127.0.0.1:8900.
[2025-11-08--22-04-22 INFO txtx::svm::deploy_program] [Recovery Instructions] - An ephemeral authority account will be created and funded to write to the buffer account.
[2025-11-08--22-04-22 INFO txtx::svm::deploy_program] [Recovery Instructions] - Please save the following information in case the deployment fails and the account needs to be recovered:
[2025-11-08--22-04-22 INFO txtx::svm::deploy_program] [Recovery Instructions] - Ephemeral authority public key: 5BsRzjBy43ZRwAugrWWqTwMij3ry6R3q6NQRKCLY4uJf
[2025-11-08--22-04-22 INFO txtx::svm::deploy_program] [Recovery Instructions] - Ephemeral authority secret key: [186, 17, 99, 3, 78, 197, 11, 212, 129, 201, 4, 251, 189, 122, 125, 222, 83, 1, 37, 57, 72, 228, 205, 230, 138, 203, 174, 146, 64, 169, 12, 185, 62, 55, 148, 8, 166, 210, 180, 100, 102, 209, 36, 75, 29, 160, 155, 222, 16, 124, 51, 209, 164, 89, 170, 117, 19, 50, 214, 14, 23, 122, 57, 88]
[2025-11-08--22-04-23 INFO txtx::svm::deploy_program] Account Created - Ephemeral authority account created and funded to write to buffer
[2025-11-08--22-04-23 INFO txtx::svm::deploy_program] [Recovery Instructions] - Creating program buffer account at pubkey DSB7TtKdjZYjh2QL2pzV6BSj66ky15nXXkJchxP5Coja
[2025-11-08--22-04-23 INFO txtx::svm::deploy_program] Account Created - Program buffer account created
[2025-11-08--22-04-32 INFO txtx::svm::deploy_program] Buffer Ready - Writing to buffer account is complete
[2025-11-08--22-04-33 INFO txtx::svm::deploy_program] Program Created - Program HjEFHo24qf3iiP2n8DEVJyKBkoBG5AUvxDPVzRiyPL5T has been deployed
[2025-11-08--22-04-34 INFO txtx::svm::deploy_program] Complete - Ephemeral authority account closed and leftover funds returned to payer
[2025-11-08--22-04-59 INFO actix_server::worker] shutting down idle worker
[2025-11-08--22-04-59 INFO actix_server::worker] shutting down idle worker
[2025-11-08--22-04-59 INFO actix_server::accept] accept thread stopped
[2025-11-08--22-04-59 INFO actix_server::worker] shutting down idle worker
[2025-11-08--22-04-59 INFO actix_server::worker] shutting down idle worker
[2025-11-08--22-04-59 INFO actix_server::worker] shutting down idle worker
