[2025-11-08--17-14-21 INFO actix_server::builder] starting 5 workers
[2025-11-08--17-14-21 INFO actix_server::server] Tokio runtime found; starting in existing Tokio runtime
[2025-11-08--17-14-21 INFO actix_server::server] starting service: "actix-web-service-127.0.0.1:18488", workers: 5, listening on: 127.0.0.1:18488
[2025-11-08--17-14-22 INFO parity_ws] Listening for new connections on 127.0.0.1:8900.
[2025-11-08--17-14-24 INFO txtx::svm::deploy_program] [Recovery Instructions] - An ephemeral authority account will be created and funded to write to the buffer account.
[2025-11-08--17-14-24 INFO txtx::svm::deploy_program] [Recovery Instructions] - Please save the following information in case the deployment fails and the account needs to be recovered:
[2025-11-08--17-14-24 INFO txtx::svm::deploy_program] [Recovery Instructions] - Ephemeral authority public key: 89yBV8j5BDNZ59pczPv87kHWGFEpsfUzuDsXNrBRxCS4
[2025-11-08--17-14-24 INFO txtx::svm::deploy_program] [Recovery Instructions] - Ephemeral authority secret key: [121, 221, 244, 224, 20, 39, 34, 132, 68, 59, 223, 109, 240, 249, 217, 113, 192, 248, 234, 189, 252, 48, 189, 134, 206, 38, 100, 168, 236, 171, 76, 242, 106, 77, 250, 144, 69, 203, 108, 229, 139, 49, 195, 127, 62, 7, 160, 192, 139, 207, 30, 221, 35, 157, 45, 196, 229, 230, 249, 29, 246, 0, 103, 81]
[2025-11-08--17-14-25 INFO txtx::svm::deploy_program] Account Created - Ephemeral authority account created and funded to write to buffer
[2025-11-08--17-14-25 INFO txtx::svm::deploy_program] [Recovery Instructions] - Creating program buffer account at pubkey 8pFq5tYTSQdhBMz6sSeBGErFqtqdoM8uC8eqQgWzQsYj
[2025-11-08--17-14-26 INFO txtx::svm::deploy_program] Account Created - Program buffer account created
[2025-11-08--17-14-40 INFO txtx::svm::deploy_program] Buffer Ready - Writing to buffer account is complete
[2025-11-08--17-14-41 INFO txtx::svm::deploy_program] Program Created - Program HjEFHo24qf3iiP2n8DEVJyKBkoBG5AUvxDPVzRiyPL5T has been deployed
[2025-11-08--17-14-42 INFO parity_ws::io] Accepted a new tcp connection from 127.0.0.1:58442.
[2025-11-08--17-14-42 INFO txtx::svm::deploy_program] Complete - Ephemeral authority account closed and leftover funds returned to payer
[2025-11-08--17-15-27 INFO actix_server::worker] shutting down idle worker
[2025-11-08--17-15-27 INFO actix_server::worker] shutting down idle worker
[2025-11-08--17-15-27 INFO actix_server::worker] shutting down idle worker
[2025-11-08--17-15-27 INFO actix_server::worker] shutting down idle worker
[2025-11-08--17-15-27 INFO actix_server::worker] shutting down idle worker
[2025-11-08--17-15-27 INFO actix_server::accept] accept thread stopped
