[2025-11-08--22-21-28 INFO actix_server::builder] starting 5 workers
[2025-11-08--22-21-28 INFO actix_server::server] Tokio runtime found; starting in existing Tokio runtime
[2025-11-08--22-21-28 INFO actix_server::server] starting service: "actix-web-service-127.0.0.1:18488", workers: 5, listening on: 127.0.0.1:18488
[2025-11-08--22-21-29 INFO parity_ws] Listening for new connections on 127.0.0.1:8900.
[2025-11-08--22-21-31 INFO txtx::svm::deploy_program] [Recovery Instructions] - An ephemeral authority account will be created and funded to write to the buffer account.
[2025-11-08--22-21-31 INFO txtx::svm::deploy_program] [Recovery Instructions] - Please save the following information in case the deployment fails and the account needs to be recovered:
[2025-11-08--22-21-31 INFO txtx::svm::deploy_program] [Recovery Instructions] - Ephemeral authority public key: 8eP6eMrRpUFPddhtfMB6YEAKkQb3aUhHnVcnEhmEWcQ9
[2025-11-08--22-21-31 INFO txtx::svm::deploy_program] [Recovery Instructions] - Ephemeral authority secret key: [183, 125, 60, 71, 29, 33, 6, 164, 129, 148, 7, 234, 93, 43, 70, 163, 111, 138, 35, 182, 138, 69, 149, 136, 31, 138, 236, 49, 4, 135, 188, 163, 113, 149, 72, 175, 183, 160, 38, 130, 247, 198, 149, 97, 155, 121, 91, 75, 150, 193, 105, 230, 109, 51, 111, 203, 185, 220, 171, 184, 146, 226, 254, 130]
[2025-11-08--22-21-32 INFO txtx::svm::deploy_program] Account Created - Ephemeral authority account created and funded to write to buffer
[2025-11-08--22-21-32 INFO txtx::svm::deploy_program] [Recovery Instructions] - Creating program buffer account at pubkey A1KKHxohdd8XgF21QYFgiNW1r88uSDAjvEag7Nh2JgNr
[2025-11-08--22-21-32 INFO txtx::svm::deploy_program] Account Created - Program buffer account created
[2025-11-08--22-21-42 INFO parity_ws::io] Accepted a new tcp connection from 127.0.0.1:59310.
[2025-11-08--22-21-42 INFO txtx::svm::deploy_program] Buffer Ready - Writing to buffer account is complete
[2025-11-08--22-21-42 INFO txtx::svm::deploy_program] Program Created - Program HjEFHo24qf3iiP2n8DEVJyKBkoBG5AUvxDPVzRiyPL5T has been deployed
[2025-11-08--22-21-44 INFO txtx::svm::deploy_program] Complete - Ephemeral authority account closed and leftover funds returned to payer
[2025-11-08--22-22-31 INFO actix_server::accept] accept thread stopped
[2025-11-08--22-22-31 INFO actix_server::worker] shutting down idle worker
[2025-11-08--22-22-31 INFO actix_server::worker] shutting down idle worker
[2025-11-08--22-22-31 INFO actix_server::worker] shutting down idle worker
[2025-11-08--22-22-31 INFO actix_server::worker] shutting down idle worker
[2025-11-08--22-22-31 INFO actix_server::worker] shutting down idle worker
